<?xml version="1.0" encoding="UTF-8"?>
<!-- Generated by org.testng.reporters.JUnitReportReporter -->
<testsuite hostname="MXLRCWKS00019" name="Test.Global" tests="1" failures="0" timestamp="9 Feb 2021 00:07:24 GMT" time="141.649" errors="0">
  <testcase name="testeo" time="141.649" classname="Test.Global"/>
</testsuite> <!-- Test.Global -->
