<?xml version="1.0" encoding="UTF-8"?>
<!-- Generated by org.testng.reporters.JUnitReportReporter -->
<testsuite hostname="MXLRCWKS00019" name="Test.Global" tests="1" failures="0" timestamp="26 Feb 2021 14:50:14 GMT" time="16.494" errors="0">
  <testcase name="testeo" time="16.494" classname="Test.Global"/>
</testsuite> <!-- Test.Global -->
